<?xml version="1.0" encoding="UTF-8"?>
<testsuite xmlns:xsi="http://www.w3.org/2001/XMLSchema-instance" xsi:noNamespaceSchemaLocation="https://maven.apache.org/surefire/maven-surefire-plugin/xsd/surefire-test-report.xsd" name="com.amazonaws.services.lambda.runtime.api.client.util.EnvWriterTest" time="0.024" tests="5" errors="5" skipped="0" failures="0">
  <properties>
[...]
</properties>
  <testcase name="shouldSetTheAwsExecutionEnvVar_Java11" classname="com.amazonaws.services.lambda.runtime.api.client.util.EnvWriterTest" time="0.014">
    <error message="java.lang.reflect.InaccessibleObjectException: Unable to make field private final java.util.Map java.util.Collections$UnmodifiableMap.m accessible: module java.base does not &quot;opens java.util&quot; to unnamed module @5d099f62" type="java.lang.RuntimeException">java.lang.RuntimeException: java.lang.reflect.InaccessibleObjectException: Unable to make field private final java.util.Map java.util.Collections$UnmodifiableMap.m accessible: module java.base does not "opens java.util" to unnamed module @5d099f62
	at com.amazonaws.services.lambda.runtime.api.client.util.EnvWriterTest.shouldSetTheAwsExecutionEnvVar_Java11(EnvWriterTest.java:77)
Caused by: java.lang.reflect.InaccessibleObjectException: Unable to make field private final java.util.Map java.util.Collections$UnmodifiableMap.m accessible: module java.base does not "opens java.util" to unnamed module @5d099f62
	at com.amazonaws.services.lambda.runtime.api.client.util.EnvWriterTest.shouldSetTheAwsExecutionEnvVar_Java11(EnvWriterTest.java:77)
</error>
  </testcase>
  <testcase name="shouldSetupEnvironmentCredentialsWhenTheyAreNotEmpty" classname="com.amazonaws.services.lambda.runtime.api.client.util.EnvWriterTest" time="0.002">
    <error message="java.lang.reflect.InaccessibleObjectException: Unable to make field private final java.util.Map java.util.Collections$UnmodifiableMap.m accessible: module java.base does not &quot;opens java.util&quot; to unnamed module @5d099f62" type="java.lang.RuntimeException">java.lang.RuntimeException: java.lang.reflect.InaccessibleObjectException: Unable to make field private final java.util.Map java.util.Collections$UnmodifiableMap.m accessible: module java.base does not "opens java.util" to unnamed module @5d099f62
	at com.amazonaws.services.lambda.runtime.api.client.util.EnvWriterTest.setEnv(EnvWriterTest.java:96)
	at com.amazonaws.services.lambda.runtime.api.client.util.EnvWriterTest.shouldSetupEnvironmentCredentialsWhenTheyAreNotEmpty(EnvWriterTest.java:51)
Caused by: java.lang.reflect.InaccessibleObjectException: Unable to make field private final java.util.Map java.util.Collections$UnmodifiableMap.m accessible: module java.base does not "opens java.util" to unnamed module @5d099f62
	at com.amazonaws.services.lambda.runtime.api.client.util.EnvWriterTest.setEnv(EnvWriterTest.java:96)
	at com.amazonaws.services.lambda.runtime.api.client.util.EnvWriterTest.shouldSetupEnvironmentCredentialsWhenTheyAreNotEmpty(EnvWriterTest.java:51)
</error>
  </testcase>
  <testcase name="shouldRemoveEnvironmentCredentialsWhenTheyAreEmpty" classname="com.amazonaws.services.lambda.runtime.api.client.util.EnvWriterTest" time="0.001">
    <error message="java.lang.reflect.InaccessibleObjectException: Unable to make field private final java.util.Map java.util.Collections$UnmodifiableMap.m accessible: module java.base does not &quot;opens java.util&quot; to unnamed module @5d099f62" type="java.lang.RuntimeException">java.lang.RuntimeException: java.lang.reflect.InaccessibleObjectException: Unable to make field private final java.util.Map java.util.Collections$UnmodifiableMap.m accessible: module java.base does not "opens java.util" to unnamed module @5d099f62
	at com.amazonaws.services.lambda.runtime.api.client.util.EnvWriterTest.setEnv(EnvWriterTest.java:96)
	at com.amazonaws.services.lambda.runtime.api.client.util.EnvWriterTest.shouldRemoveEnvironmentCredentialsWhenTheyAreEmpty(EnvWriterTest.java:40)
Caused by: java.lang.reflect.InaccessibleObjectException: Unable to make field private final java.util.Map java.util.Collections$UnmodifiableMap.m accessible: module java.base does not "opens java.util" to unnamed module @5d099f62
	at com.amazonaws.services.lambda.runtime.api.client.util.EnvWriterTest.setEnv(EnvWriterTest.java:96)
	at com.amazonaws.services.lambda.runtime.api.client.util.EnvWriterTest.shouldRemoveEnvironmentCredentialsWhenTheyAreEmpty(EnvWriterTest.java:40)
</error>
  </testcase>
  <testcase name="shouldModifyEnv" classname="com.amazonaws.services.lambda.runtime.api.client.util.EnvWriterTest" time="0.004">
    <error message="java.lang.reflect.InaccessibleObjectException: Unable to make field private final java.util.Map java.util.Collections$UnmodifiableMap.m accessible: module java.base does not &quot;opens java.util&quot; to unnamed module @5d099f62" type="java.lang.RuntimeException">java.lang.RuntimeException: java.lang.reflect.InaccessibleObjectException: Unable to make field private final java.util.Map java.util.Collections$UnmodifiableMap.m accessible: module java.base does not "opens java.util" to unnamed module @5d099f62
	at com.amazonaws.services.lambda.runtime.api.client.util.EnvWriterTest.setEnv(EnvWriterTest.java:96)
	at com.amazonaws.services.lambda.runtime.api.client.util.EnvWriterTest.shouldModifyEnv(EnvWriterTest.java:31)
Caused by: java.lang.reflect.InaccessibleObjectException: Unable to make field private final java.util.Map java.util.Collections$UnmodifiableMap.m accessible: module java.base does not "opens java.util" to unnamed module @5d099f62
	at com.amazonaws.services.lambda.runtime.api.client.util.EnvWriterTest.setEnv(EnvWriterTest.java:96)
	at com.amazonaws.services.lambda.runtime.api.client.util.EnvWriterTest.shouldModifyEnv(EnvWriterTest.java:31)
</error>
  </testcase>
  <testcase name="shouldSetTheAwsExecutionEnvVar_Java8" classname="com.amazonaws.services.lambda.runtime.api.client.util.EnvWriterTest" time="0.002">
    <error message="java.lang.reflect.InaccessibleObjectException: Unable to make field private final java.util.Map java.util.Collections$UnmodifiableMap.m accessible: module java.base does not &quot;opens java.util&quot; to unnamed module @5d099f62" type="java.lang.RuntimeException">java.lang.RuntimeException: java.lang.reflect.InaccessibleObjectException: Unable to make field private final java.util.Map java.util.Collections$UnmodifiableMap.m accessible: module java.base does not "opens java.util" to unnamed module @5d099f62
	at com.amazonaws.services.lambda.runtime.api.client.util.EnvWriterTest.shouldSetTheAwsExecutionEnvVar_Java8(EnvWriterTest.java:63)
Caused by: java.lang.reflect.InaccessibleObjectException: Unable to make field private final java.util.Map java.util.Collections$UnmodifiableMap.m accessible: module java.base does not "opens java.util" to unnamed module @5d099f62
	at com.amazonaws.services.lambda.runtime.api.client.util.EnvWriterTest.shouldSetTheAwsExecutionEnvVar_Java8(EnvWriterTest.java:63)
</error>
  </testcase>
</testsuite>